  [1m[35m (5.7ms)[0m  [1m[35mCREATE TABLE "schema_migrations" ("version" varchar NOT NULL PRIMARY KEY)[0m
  [1m[35m (0.2ms)[0m  [1m[35mCREATE TABLE "ar_internal_metadata" ("key" varchar NOT NULL PRIMARY KEY, "value" varchar, "created_at" datetime(6) NOT NULL, "updated_at" datetime(6) NOT NULL)[0m
  [1m[36mActiveRecord::InternalMetadata Load (0.1ms)[0m  [1m[34mSELECT * FROM "ar_internal_metadata" WHERE "ar_internal_metadata"."key" = ? ORDER BY "ar_internal_metadata"."key" ASC LIMIT 1[0m  [[nil, "environment"]]
  [1m[36mActiveRecord::InternalMetadata Create (0.1ms)[0m  [1m[32mINSERT INTO "ar_internal_metadata" ("key", "value", "created_at", "updated_at") VALUES ('environment', 'development', '2024-12-01 19:52:23.600667', '2024-12-01 19:52:23.600670') RETURNING "key"[0m
  [1m[36mActiveRecord::SchemaMigration Load (0.1ms)[0m  [1m[34mSELECT "schema_migrations"."version" FROM "schema_migrations" ORDER BY "schema_migrations"."version" ASC[0m
Migrating to CreateTasks (20241201195146)
  [1m[36mTRANSACTION (0.1ms)[0m  [1m[36mbegin transaction[0m
  [1m[35m (1.5ms)[0m  [1m[35mCREATE TABLE "tasks" ("id" integer PRIMARY KEY AUTOINCREMENT NOT NULL, "title" varchar, "status" boolean DEFAULT 0, "created_at" datetime(6) NOT NULL, "updated_at" datetime(6) NOT NULL)[0m
  [1m[36mActiveRecord::SchemaMigration Create (0.1ms)[0m  [1m[32mINSERT INTO "schema_migrations" ("version") VALUES ('20241201195146') RETURNING "version"[0m
  [1m[36mTRANSACTION (0.3ms)[0m  [1m[36mcommit transaction[0m
  [1m[36mActiveRecord::SchemaMigration Load (0.1ms)[0m  [1m[34mSELECT "schema_migrations"."version" FROM "schema_migrations" ORDER BY "schema_migrations"."version" ASC[0m
Started GET "/" for 127.0.0.1 at 2024-12-02 02:54:02 +0700
  [1m[36mActiveRecord::SchemaMigration Load (0.1ms)[0m  [1m[34mSELECT "schema_migrations"."version" FROM "schema_migrations" ORDER BY "schema_migrations"."version" ASC[0m
Processing by TasksController#index as HTML
  Rendering layout layouts/application.html.erb
  Rendering tasks/index.html.erb within layouts/application
  [1m[36mTask Load (0.5ms)[0m  [1m[34mSELECT "tasks".* FROM "tasks" WHERE "tasks"."status" = ?[0m  [["status", 0]]
  ↳ app/views/tasks/index.html.erb:11
  [1m[36mTask Load (0.0ms)[0m  [1m[34mSELECT "tasks".* FROM "tasks" WHERE "tasks"."status" = ?[0m  [["status", 1]]
  ↳ app/views/tasks/index.html.erb:21
  Rendered tasks/index.html.erb within layouts/application (Duration: 8.7ms | GC: 0.5ms)
  Rendered layout layouts/application.html.erb (Duration: 296.8ms | GC: 122.1ms)
Completed 200 OK in 383ms (Views: 302.6ms | ActiveRecord: 1.5ms (2 queries, 0 cached) | GC: 138.3ms)


Started GET "/manifest.json" for 127.0.0.1 at 2024-12-02 02:54:03 +0700
  
ActionController::RoutingError (No route matches [GET] "/manifest.json"):
  
Started POST "/tasks" for 127.0.0.1 at 2024-12-02 02:54:05 +0700
Processing by TasksController#create as TURBO_STREAM
  Parameters: {"authenticity_token"=>"[FILTERED]", "task"=>{"title"=>"asd"}, "commit"=>"Create"}
  [1m[36mTRANSACTION (0.1ms)[0m  [1m[36mbegin transaction[0m
  ↳ app/controllers/tasks_controller.rb:10:in `create'
  [1m[36mTask Create (1.0ms)[0m  [1m[32mINSERT INTO "tasks" ("title", "status", "created_at", "updated_at") VALUES (?, ?, ?, ?) RETURNING "id"[0m  [["title", "asd"], ["status", 0], ["created_at", "2024-12-01 19:54:05.259377"], ["updated_at", "2024-12-01 19:54:05.259377"]]
  ↳ app/controllers/tasks_controller.rb:10:in `create'
  [1m[36mTRANSACTION (5.0ms)[0m  [1m[36mcommit transaction[0m
  ↳ app/controllers/tasks_controller.rb:10:in `create'
Redirected to http://127.0.0.1:3000/tasks
Completed 302 Found in 20ms (ActiveRecord: 6.1ms (1 query, 0 cached) | GC: 0.6ms)


Started GET "/tasks" for 127.0.0.1 at 2024-12-02 02:54:05 +0700
Processing by TasksController#index as TURBO_STREAM
  Rendering layout layouts/application.html.erb
  Rendering tasks/index.html.erb within layouts/application
  [1m[36mTask Load (0.1ms)[0m  [1m[34mSELECT "tasks".* FROM "tasks" WHERE "tasks"."status" = ?[0m  [["status", 0]]
  ↳ app/views/tasks/index.html.erb:11
  [1m[36mTask Load (0.0ms)[0m  [1m[34mSELECT "tasks".* FROM "tasks" WHERE "tasks"."status" = ?[0m  [["status", 1]]
  ↳ app/views/tasks/index.html.erb:21
  Rendered tasks/index.html.erb within layouts/application (Duration: 2.7ms | GC: 0.2ms)
  Rendered layout layouts/application.html.erb (Duration: 4.1ms | GC: 0.3ms)
Completed 200 OK in 5ms (Views: 4.3ms | ActiveRecord: 0.1ms (2 queries, 0 cached) | GC: 0.3ms)


Started GET "/tasks/1/complete" for 127.0.0.1 at 2024-12-02 02:54:06 +0700
  
ActionController::RoutingError (No route matches [GET] "/tasks/1/complete"):
  
Started GET "/tasks" for 127.0.0.1 at 2024-12-02 02:54:07 +0700
Processing by TasksController#index as HTML
  Rendering layout layouts/application.html.erb
  Rendering tasks/index.html.erb within layouts/application
  [1m[36mTask Load (0.1ms)[0m  [1m[34mSELECT "tasks".* FROM "tasks" WHERE "tasks"."status" = ?[0m  [["status", 0]]
  ↳ app/views/tasks/index.html.erb:11
  [1m[36mTask Load (0.0ms)[0m  [1m[34mSELECT "tasks".* FROM "tasks" WHERE "tasks"."status" = ?[0m  [["status", 1]]
  ↳ app/views/tasks/index.html.erb:21
  Rendered tasks/index.html.erb within layouts/application (Duration: 3.5ms | GC: 0.4ms)
  Rendered layout layouts/application.html.erb (Duration: 5.1ms | GC: 0.4ms)
Completed 200 OK in 6ms (Views: 5.3ms | ActiveRecord: 0.1ms (2 queries, 0 cached) | GC: 0.4ms)


Started GET "/manifest.json" for 127.0.0.1 at 2024-12-02 02:54:07 +0700
  
ActionController::RoutingError (No route matches [GET] "/manifest.json"):
  
Started GET "/tasks" for 127.0.0.1 at 2024-12-02 02:56:20 +0700
  [1m[36mActiveRecord::SchemaMigration Load (0.1ms)[0m  [1m[34mSELECT "schema_migrations"."version" FROM "schema_migrations" ORDER BY "schema_migrations"."version" ASC[0m
Processing by TasksController#index as HTML
  Rendering layout layouts/application.html.erb
  Rendering tasks/index.html.erb within layouts/application
  [1m[36mTask Load (0.1ms)[0m  [1m[34mSELECT "tasks".* FROM "tasks" WHERE "tasks"."status" = ?[0m  [["status", 0]]
  ↳ app/views/tasks/index.html.erb:19
  [1m[36mTask Load (0.0ms)[0m  [1m[34mSELECT "tasks".* FROM "tasks" WHERE "tasks"."status" = ?[0m  [["status", 1]]
  ↳ app/views/tasks/index.html.erb:29
  Rendered tasks/index.html.erb within layouts/application (Duration: 7.3ms | GC: 0.0ms)
  Rendered layout layouts/application.html.erb (Duration: 9.3ms | GC: 0.0ms)
Completed 200 OK in 30ms (Views: 11.0ms | ActiveRecord: 1.1ms (2 queries, 0 cached) | GC: 0.0ms)


Started GET "/manifest.json" for 127.0.0.1 at 2024-12-02 02:56:21 +0700
  
ActionController::RoutingError (No route matches [GET] "/manifest.json"):
  
Started POST "/tasks" for 127.0.0.1 at 2024-12-02 02:56:26 +0700
Processing by TasksController#create as HTML
  Parameters: {"authenticity_token"=>"[FILTERED]", "task"=>{"title"=>"test"}, "commit"=>"Create"}
  [1m[36mTRANSACTION (0.0ms)[0m  [1m[36mbegin transaction[0m
  ↳ app/controllers/tasks_controller.rb:10:in `create'
  [1m[36mTask Create (1.4ms)[0m  [1m[32mINSERT INTO "tasks" ("title", "status", "created_at", "updated_at") VALUES (?, ?, ?, ?) RETURNING "id"[0m  [["title", "test"], ["status", 0], ["created_at", "2024-12-01 19:56:26.875781"], ["updated_at", "2024-12-01 19:56:26.875781"]]
  ↳ app/controllers/tasks_controller.rb:10:in `create'
  [1m[36mTRANSACTION (4.9ms)[0m  [1m[36mcommit transaction[0m
  ↳ app/controllers/tasks_controller.rb:10:in `create'
Redirected to http://127.0.0.1:3000/tasks
Completed 302 Found in 10ms (ActiveRecord: 6.3ms (1 query, 0 cached) | GC: 0.0ms)


Started GET "/tasks" for 127.0.0.1 at 2024-12-02 02:56:26 +0700
Processing by TasksController#index as HTML
  Rendering layout layouts/application.html.erb
  Rendering tasks/index.html.erb within layouts/application
  [1m[36mTask Load (0.1ms)[0m  [1m[34mSELECT "tasks".* FROM "tasks" WHERE "tasks"."status" = ?[0m  [["status", 0]]
  ↳ app/views/tasks/index.html.erb:19
  [1m[36mTask Load (0.0ms)[0m  [1m[34mSELECT "tasks".* FROM "tasks" WHERE "tasks"."status" = ?[0m  [["status", 1]]
  ↳ app/views/tasks/index.html.erb:29
  Rendered tasks/index.html.erb within layouts/application (Duration: 2.5ms | GC: 0.0ms)
  Rendered layout layouts/application.html.erb (Duration: 3.2ms | GC: 0.0ms)
Completed 200 OK in 4ms (Views: 3.4ms | ActiveRecord: 0.1ms (2 queries, 0 cached) | GC: 0.0ms)


Started GET "/manifest.json" for 127.0.0.1 at 2024-12-02 02:56:26 +0700
  
ActionController::RoutingError (No route matches [GET] "/manifest.json"):
  
Started GET "/" for 127.0.0.1 at 2024-12-02 03:02:45 +0700
  [1m[36mActiveRecord::SchemaMigration Load (0.1ms)[0m  [1m[34mSELECT "schema_migrations"."version" FROM "schema_migrations" ORDER BY "schema_migrations"."version" ASC[0m
Processing by TasksController#index as HTML
  Rendering layout layouts/application.html.erb
  Rendering tasks/index.html.erb within layouts/application
  [1m[36mTask Load (0.4ms)[0m  [1m[34mSELECT "tasks".* FROM "tasks" WHERE "tasks"."status" = ?[0m  [["status", 0]]
  ↳ app/views/tasks/index.html.erb:19
  [1m[36mTask Load (0.1ms)[0m  [1m[34mSELECT "tasks".* FROM "tasks" WHERE "tasks"."status" = ?[0m  [["status", 1]]
  ↳ app/views/tasks/index.html.erb:29
  Rendered tasks/index.html.erb within layouts/application (Duration: 7.5ms | GC: 0.0ms)
  Rendered layout layouts/application.html.erb (Duration: 9.4ms | GC: 0.0ms)
Completed 200 OK in 50ms (Views: 12.6ms | ActiveRecord: 1.7ms (2 queries, 0 cached) | GC: 0.0ms)


Started GET "/manifest.json" for 127.0.0.1 at 2024-12-02 03:02:45 +0700
  
ActionController::RoutingError (No route matches [GET] "/manifest.json"):
  
Started GET "/" for 127.0.0.1 at 2024-12-02 03:21:41 +0700
  [1m[36mActiveRecord::SchemaMigration Load (0.1ms)[0m  [1m[34mSELECT "schema_migrations"."version" FROM "schema_migrations" ORDER BY "schema_migrations"."version" ASC[0m
Processing by TasksController#index as HTML
  Rendering layout layouts/application.html.erb
  Rendering tasks/index.html.erb within layouts/application
  [1m[36mTask Load (0.3ms)[0m  [1m[34mSELECT "tasks".* FROM "tasks" WHERE "tasks"."status" = ?[0m  [["status", 0]]
  ↳ app/views/tasks/index.html.erb:19
  [1m[36mTask Load (0.0ms)[0m  [1m[34mSELECT "tasks".* FROM "tasks" WHERE "tasks"."status" = ?[0m  [["status", 1]]
  ↳ app/views/tasks/index.html.erb:29
  Rendered tasks/index.html.erb within layouts/application (Duration: 6.4ms | GC: 0.0ms)
  Rendered layout layouts/application.html.erb (Duration: 8.5ms | GC: 0.0ms)
Completed 200 OK in 43ms (Views: 11.2ms | ActiveRecord: 1.1ms (2 queries, 0 cached) | GC: 0.0ms)


Started GET "/manifest.json" for 127.0.0.1 at 2024-12-02 03:21:41 +0700
  
ActionController::RoutingError (No route matches [GET] "/manifest.json"):
  
Started GET "/" for 127.0.0.1 at 2024-12-02 03:30:05 +0700
  [1m[36mActiveRecord::SchemaMigration Load (0.2ms)[0m  [1m[34mSELECT "schema_migrations"."version" FROM "schema_migrations" ORDER BY "schema_migrations"."version" ASC[0m
Processing by TasksController#index as HTML
  Rendering layout layouts/application.html.erb
  Rendering tasks/index.html.erb within layouts/application
  [1m[36mTask Load (0.5ms)[0m  [1m[34mSELECT "tasks".* FROM "tasks" WHERE "tasks"."status" = ?[0m  [["status", 0]]
  ↳ app/views/tasks/index.html.erb:19
  [1m[36mTask Load (0.0ms)[0m  [1m[34mSELECT "tasks".* FROM "tasks" WHERE "tasks"."status" = ?[0m  [["status", 1]]
  ↳ app/views/tasks/index.html.erb:29
  Rendered tasks/index.html.erb within layouts/application (Duration: 7.2ms | GC: 0.0ms)
  Rendered layout layouts/application.html.erb (Duration: 9.1ms | GC: 0.0ms)
Completed 200 OK in 52ms (Views: 12.1ms | ActiveRecord: 1.4ms (2 queries, 0 cached) | GC: 0.0ms)


Started GET "/manifest.json" for 127.0.0.1 at 2024-12-02 03:30:05 +0700
  
ActionController::RoutingError (No route matches [GET] "/manifest.json"):
  
Started GET "/" for 127.0.0.1 at 2024-12-02 04:49:55 +0700
  [1m[36mActiveRecord::SchemaMigration Load (0.2ms)[0m  [1m[34mSELECT "schema_migrations"."version" FROM "schema_migrations" ORDER BY "schema_migrations"."version" ASC[0m
Processing by TasksController#index as HTML
  Rendering layout layouts/application.html.erb
  Rendering tasks/index.html.erb within layouts/application
  [1m[36mTask Load (0.6ms)[0m  [1m[34mSELECT "tasks".* FROM "tasks" WHERE "tasks"."status" = ?[0m  [["status", 0]]
  ↳ app/views/tasks/index.html.erb:19
  [1m[36mTask Load (0.1ms)[0m  [1m[34mSELECT "tasks".* FROM "tasks" WHERE "tasks"."status" = ?[0m  [["status", 1]]
  ↳ app/views/tasks/index.html.erb:29
  Rendered tasks/index.html.erb within layouts/application (Duration: 9.2ms | GC: 0.0ms)
  Rendered layout layouts/application.html.erb (Duration: 12.4ms | GC: 0.0ms)
Completed 200 OK in 71ms (Views: 18.7ms | ActiveRecord: 1.5ms (2 queries, 0 cached) | GC: 0.0ms)


Started GET "/" for 127.0.0.1 at 2024-12-02 04:49:55 +0700
Processing by TasksController#index as HTML
  Rendering layout layouts/application.html.erb
  Rendering tasks/index.html.erb within layouts/application
  [1m[36mTask Load (0.1ms)[0m  [1m[34mSELECT "tasks".* FROM "tasks" WHERE "tasks"."status" = ?[0m  [["status", 0]]
  ↳ app/views/tasks/index.html.erb:19
  [1m[36mTask Load (0.1ms)[0m  [1m[34mSELECT "tasks".* FROM "tasks" WHERE "tasks"."status" = ?[0m  [["status", 1]]
  ↳ app/views/tasks/index.html.erb:29
  Rendered tasks/index.html.erb within layouts/application (Duration: 5.3ms | GC: 0.0ms)
  Rendered layout layouts/application.html.erb (Duration: 6.0ms | GC: 0.0ms)
Completed 200 OK in 7ms (Views: 6.1ms | ActiveRecord: 0.2ms (2 queries, 0 cached) | GC: 0.0ms)


Started GET "/manifest.json" for 127.0.0.1 at 2024-12-02 04:49:55 +0700
  
ActionController::RoutingError (No route matches [GET] "/manifest.json"):
  
Started GET "/" for 127.0.0.1 at 2024-12-02 04:51:37 +0700
  [1m[36mActiveRecord::SchemaMigration Load (0.2ms)[0m  [1m[34mSELECT "schema_migrations"."version" FROM "schema_migrations" ORDER BY "schema_migrations"."version" ASC[0m
Processing by TasksController#index as HTML
  Rendering layout layouts/application.html.erb
  Rendering tasks/index.html.erb within layouts/application
  [1m[36mTask Load (0.1ms)[0m  [1m[34mSELECT "tasks".* FROM "tasks" WHERE "tasks"."status" = ?[0m  [["status", 0]]
  ↳ app/views/tasks/index.html.erb:19
  [1m[36mTask Load (0.0ms)[0m  [1m[34mSELECT "tasks".* FROM "tasks" WHERE "tasks"."status" = ?[0m  [["status", 1]]
  ↳ app/views/tasks/index.html.erb:29
  Rendered tasks/index.html.erb within layouts/application (Duration: 8.3ms | GC: 0.0ms)
  Rendered layout layouts/application.html.erb (Duration: 10.2ms | GC: 0.0ms)
Completed 200 OK in 30ms (Views: 12.0ms | ActiveRecord: 1.0ms (2 queries, 0 cached) | GC: 0.0ms)


Started GET "/" for 127.0.0.1 at 2024-12-02 04:51:37 +0700
Processing by TasksController#index as HTML
  Rendering layout layouts/application.html.erb
  Rendering tasks/index.html.erb within layouts/application
  [1m[36mTask Load (0.1ms)[0m  [1m[34mSELECT "tasks".* FROM "tasks" WHERE "tasks"."status" = ?[0m  [["status", 0]]
  ↳ app/views/tasks/index.html.erb:19
  [1m[36mTask Load (0.3ms)[0m  [1m[34mSELECT "tasks".* FROM "tasks" WHERE "tasks"."status" = ?[0m  [["status", 1]]
  ↳ app/views/tasks/index.html.erb:29
  Rendered tasks/index.html.erb within layouts/application (Duration: 4.5ms | GC: 0.0ms)
  Rendered layout layouts/application.html.erb (Duration: 5.2ms | GC: 0.0ms)
Completed 200 OK in 6ms (Views: 5.2ms | ActiveRecord: 0.4ms (2 queries, 0 cached) | GC: 0.0ms)


Started GET "/manifest.json" for 127.0.0.1 at 2024-12-02 04:51:37 +0700
  
ActionController::RoutingError (No route matches [GET] "/manifest.json"):
  
Started GET "/" for 127.0.0.1 at 2024-12-02 04:56:30 +0700
  [1m[36mActiveRecord::SchemaMigration Load (0.2ms)[0m  [1m[34mSELECT "schema_migrations"."version" FROM "schema_migrations" ORDER BY "schema_migrations"."version" ASC[0m
Processing by TasksController#index as HTML
  Rendering layout layouts/application.html.erb
  Rendering tasks/index.html.erb within layouts/application
  [1m[36mTask Load (0.2ms)[0m  [1m[34mSELECT "tasks".* FROM "tasks" WHERE "tasks"."status" = ?[0m  [["status", 0]]
  ↳ app/views/tasks/index.html.erb:19
  [1m[36mTask Load (0.1ms)[0m  [1m[34mSELECT "tasks".* FROM "tasks" WHERE "tasks"."status" = ?[0m  [["status", 1]]
  ↳ app/views/tasks/index.html.erb:29
  Rendered tasks/index.html.erb within layouts/application (Duration: 9.6ms | GC: 0.0ms)
  Rendered layout layouts/application.html.erb (Duration: 11.4ms | GC: 0.0ms)
Completed 200 OK in 31ms (Views: 12.8ms | ActiveRecord: 1.1ms (2 queries, 0 cached) | GC: 0.0ms)


Started GET "/" for 127.0.0.1 at 2024-12-02 04:56:31 +0700
Processing by TasksController#index as HTML
  Rendering layout layouts/application.html.erb
  Rendering tasks/index.html.erb within layouts/application
  [1m[36mTask Load (0.1ms)[0m  [1m[34mSELECT "tasks".* FROM "tasks" WHERE "tasks"."status" = ?[0m  [["status", 0]]
  ↳ app/views/tasks/index.html.erb:19
  [1m[36mTask Load (0.1ms)[0m  [1m[34mSELECT "tasks".* FROM "tasks" WHERE "tasks"."status" = ?[0m  [["status", 1]]
  ↳ app/views/tasks/index.html.erb:29
  Rendered tasks/index.html.erb within layouts/application (Duration: 4.3ms | GC: 0.0ms)
  Rendered layout layouts/application.html.erb (Duration: 5.0ms | GC: 0.0ms)
Completed 200 OK in 6ms (Views: 5.3ms | ActiveRecord: 0.2ms (2 queries, 0 cached) | GC: 0.0ms)


Started GET "/manifest.json" for 127.0.0.1 at 2024-12-02 04:56:31 +0700
  
ActionController::RoutingError (No route matches [GET] "/manifest.json"):
  
